2021-06-08 16:45:04 info: =================================
2021-06-08 16:45:04 info: ======= ENV: development =======
2021-06-08 16:45:04 info: 🚀 App listening on the port 3000
2021-06-08 16:45:04 info: =================================
2021-06-08 16:45:14 info: [0mGET / [32m200[0m 9.328 ms - 2[0m
2021-06-08 16:45:15 info: [0mGET /favicon.ico [33m404[0m 3.848 ms - 150[0m
2021-06-08 16:47:28 info: =================================
2021-06-08 16:47:28 info: ======= ENV: development =======
2021-06-08 16:47:28 info: 🚀 App listening on the port 3000
2021-06-08 16:47:28 info: =================================
2021-06-08 16:47:44 info: [0mGET / [32m200[0m 12.823 ms - 100[0m
2021-06-08 16:47:50 info: [0mGET /api-deocs [33m404[0m 4.454 ms - 148[0m
2021-06-08 16:47:53 info: [0mGET /api-docs [36m301[0m 9.490 ms - 183[0m
2021-06-08 16:47:53 info: [0mGET /api-docs/ [32m200[0m 44.585 ms - -[0m
2021-06-08 16:47:53 info: [0mGET /api-docs/swagger-ui-init.js [32m200[0m 7.299 ms - -[0m
2021-06-08 16:47:53 info: [0mGET /api-docs/swagger-ui.css [32m200[0m 26.176 ms - -[0m
2021-06-08 16:47:53 info: [0mGET /api-docs/swagger-ui-bundle.js [32m200[0m 16.923 ms - -[0m
2021-06-08 16:47:54 info: [0mGET /api-docs/swagger-ui-standalone-preset.js [32m200[0m 102.158 ms - -[0m
2021-06-08 16:47:54 info: [0mGET /api-docs/favicon-32x32.png [32m200[0m 6.577 ms - 628[0m
2021-06-08 16:48:58 info: [0mGET /api-docs/ [36m304[0m 6.471 ms - -[0m
2021-06-08 16:48:58 info: [0mGET /api-docs/swagger-ui.css [36m304[0m 3.767 ms - -[0m
2021-06-08 16:48:58 info: [0mGET /api-docs/swagger-ui-init.js [36m304[0m 0.793 ms - -[0m
2021-06-08 16:48:58 info: [0mGET /api-docs/swagger-ui-bundle.js [36m304[0m 10.065 ms - -[0m
2021-06-08 16:48:58 info: [0mGET /api-docs/swagger-ui-standalone-preset.js [36m304[0m 9.032 ms - -[0m
2021-06-08 16:48:59 info: [0mGET /api-docs/favicon-32x32.png [36m304[0m 2.299 ms - -[0m
2021-06-08 16:49:21 info: =================================
2021-06-08 16:49:21 info: ======= ENV: development =======
2021-06-08 16:49:21 info: 🚀 App listening on the port 3000
2021-06-08 16:49:21 info: =================================
2021-06-08 16:50:27 info: [0mGET /api-docs/ [36m304[0m 22.338 ms - -[0m
2021-06-08 16:50:27 info: [0mGET /api-docs/swagger-ui.css [36m304[0m 5.920 ms - -[0m
2021-06-08 16:50:27 info: [0mGET /api-docs/swagger-ui-bundle.js [36m304[0m 24.136 ms - -[0m
2021-06-08 16:50:27 info: [0mGET /api-docs/swagger-ui-standalone-preset.js [36m304[0m 24.393 ms - -[0m
2021-06-08 16:50:27 info: [0mGET /api-docs/swagger-ui-init.js [32m200[0m 19.979 ms - -[0m
2021-06-08 16:50:29 info: [0mGET /api-docs/favicon-32x32.png [36m304[0m 1.894 ms - -[0m
2021-06-08 16:51:05 error: [POST] /users >> StatusCode:: 400, Message:: property id should not exist
2021-06-08 16:51:05 info: [0mPOST /users [33m400[0m 131.787 ms - 42[0m
2021-06-08 16:51:23 error: [POST] /users >> StatusCode:: 500, Message:: 
Invalid `prisma.user.create()` invocation:

{
  data: {
    name: 'Muritala David',
    ~~~~
    email: 'davmuri1414@gmail.com',
    password: '$2b$10$7FXvL0VJo/6NkIBkmXFg2.5ZzPqQKMXvYbGgOGblmlrOdoif3aQgG'
  }
}

Unknown arg `name` in data.name for type UserCreateInput. Did you mean `email`? Available args:
type UserCreateInput {
  email: String
  password: String
}


2021-06-08 16:51:23 info: [0mPOST /users [31m500[0m 925.131 ms - 403[0m
2021-06-08 16:58:37 info: =================================
2021-06-08 16:58:37 info: ======= ENV: development =======
2021-06-08 16:58:37 info: 🚀 App listening on the port 3000
2021-06-08 16:58:37 info: =================================
2021-06-08 16:58:55 info: [0mPOST /users [32m201[0m 1687.867 ms - 178[0m
2021-06-08 17:00:50 info: =================================
2021-06-08 17:00:50 info: ======= ENV: development =======
2021-06-08 17:00:50 info: 🚀 App listening on the port 3000
2021-06-08 17:00:50 info: =================================
2021-06-08 17:01:05 error: [POST] /users >> StatusCode:: 409, Message:: You're email davmuri1414@gmail.com already exists
2021-06-08 17:01:05 info: [0mPOST /users [33m409[0m 837.834 ms - 63[0m
2021-06-08 17:01:29 info: [0mPOST /users [32m201[0m 210.510 ms - 178[0m
2021-06-08 17:01:52 info: =================================
2021-06-08 17:01:52 info: ======= ENV: development =======
2021-06-08 17:01:52 info: 🚀 App listening on the port 3000
2021-06-08 17:01:52 info: =================================
2021-06-08 17:05:52 info: =================================
2021-06-08 17:05:52 info: ======= ENV: development =======
2021-06-08 17:05:52 info: 🚀 App listening on the port 3000
2021-06-08 17:05:52 info: =================================
2021-06-08 17:08:38 info: =================================
2021-06-08 17:08:38 info: ======= ENV: development =======
2021-06-08 17:08:38 info: 🚀 App listening on the port 3000
2021-06-08 17:08:38 info: =================================
2021-06-08 17:09:02 info: =================================
2021-06-08 17:09:02 info: ======= ENV: development =======
2021-06-08 17:09:02 info: 🚀 App listening on the port 3000
2021-06-08 17:09:02 info: =================================
2021-06-08 17:09:30 info: =================================
2021-06-08 17:09:30 info: ======= ENV: development =======
2021-06-08 17:09:30 info: 🚀 App listening on the port 3000
2021-06-08 17:09:30 info: =================================
2021-06-08 17:10:05 info: =================================
2021-06-08 17:10:05 info: ======= ENV: development =======
2021-06-08 17:10:05 info: 🚀 App listening on the port 3000
2021-06-08 17:10:05 info: =================================
2021-06-08 17:10:31 info: =================================
2021-06-08 17:10:31 info: ======= ENV: development =======
2021-06-08 17:10:31 info: 🚀 App listening on the port 3000
2021-06-08 17:10:31 info: =================================
2021-06-08 17:10:43 info: =================================
2021-06-08 17:10:43 info: ======= ENV: development =======
2021-06-08 17:10:43 info: 🚀 App listening on the port 3000
2021-06-08 17:10:43 info: =================================
2021-06-08 17:16:39 info: =================================
2021-06-08 17:16:39 info: ======= ENV: development =======
2021-06-08 17:16:39 info: 🚀 App listening on the port 3000
2021-06-08 17:16:39 info: =================================
2021-06-08 17:19:52 info: =================================
2021-06-08 17:19:52 info: ======= ENV: development =======
2021-06-08 17:19:52 info: 🚀 App listening on the port 3000
2021-06-08 17:19:52 info: =================================
2021-06-08 17:22:36 info: =================================
2021-06-08 17:22:36 info: ======= ENV: development =======
2021-06-08 17:22:36 info: 🚀 App listening on the port 3000
2021-06-08 17:22:36 info: =================================
2021-06-08 17:26:05 info: =================================
2021-06-08 17:26:05 info: ======= ENV: development =======
2021-06-08 17:26:05 info: 🚀 App listening on the port 3000
2021-06-08 17:26:05 info: =================================
2021-06-08 17:28:49 info: =================================
2021-06-08 17:28:49 info: ======= ENV: development =======
2021-06-08 17:28:49 info: 🚀 App listening on the port 3000
2021-06-08 17:28:49 info: =================================
2021-06-08 17:29:40 info: =================================
2021-06-08 17:29:40 info: ======= ENV: development =======
2021-06-08 17:29:40 info: 🚀 App listening on the port 3000
2021-06-08 17:29:40 info: =================================
2021-06-08 17:31:22 info: =================================
2021-06-08 17:31:22 info: ======= ENV: development =======
2021-06-08 17:31:23 info: 🚀 App listening on the port 3000
2021-06-08 17:31:23 info: =================================
2021-06-08 17:32:18 info: =================================
2021-06-08 17:32:18 info: ======= ENV: development =======
2021-06-08 17:32:18 info: 🚀 App listening on the port 3000
2021-06-08 17:32:18 info: =================================
2021-06-08 17:42:59 info: =================================
2021-06-08 17:42:59 info: ======= ENV: development =======
2021-06-08 17:42:59 info: 🚀 App listening on the port 3000
2021-06-08 17:42:59 info: =================================
2021-06-08 17:58:51 info: =================================
2021-06-08 17:58:51 info: ======= ENV: development =======
2021-06-08 17:58:51 info: 🚀 App listening on the port 3000
2021-06-08 17:58:51 info: =================================
2021-06-08 18:03:27 info: =================================
2021-06-08 18:03:27 info: ======= ENV: development =======
2021-06-08 18:03:27 info: 🚀 App listening on the port 3000
2021-06-08 18:03:27 info: =================================
